* using log directory ‘/Users/michaelbarkasi/Library/CloudStorage/OneDrive-WashingtonUniversityinSt.Louis/projects_Oviedo_lab/R_packages/wispack/wispack.Rcheck’
* using R version 4.4.2 (2024-10-31)
* using platform: aarch64-apple-darwin20
* R was compiled by
    Apple clang version 14.0.0 (clang-1400.0.29.202)
    GNU Fortran (GCC) 12.2.0
* running under: macOS Sequoia 15.5
* using session charset: UTF-8
* checking for file ‘wispack/DESCRIPTION’ ... OK
* checking extension type ... Package
* this is package ‘wispack’ version ‘1.0’
* package encoding: UTF-8
* checking package namespace information ... OK
* checking package dependencies ... OK
* checking if this is a source package ... OK
* checking if there is a namespace ... OK
* checking for executable files ... OK
* checking for hidden files and directories ... OK
* checking for portable file names ... OK
* checking for sufficient/correct file permissions ... OK
* checking whether package ‘wispack’ can be installed ... OK
* used C++ compiler: ‘Apple clang version 17.0.0 (clang-1700.0.13.5)’
* used SDK: ‘’
* checking C++ specification ... NOTE
  Specified C++14: please drop specification unless essential
* checking installed package size ... NOTE
  installed size is 22.5Mb
  sub-directories of 1Mb or more:
    extdata  21.3Mb
* checking package directory ... OK
* checking DESCRIPTION meta-information ... OK
* checking top-level files ... NOTE
File
  LICENSE
is not mentioned in the DESCRIPTION file.
* checking for left-over files ... OK
* checking index information ... WARNING
Empty or missing file ‘demo/00Index’.
See sections ‘The INDEX file’ and ‘Package subdirectories’ in the
‘Writing R Extensions’ manual.
* checking package subdirectories ... OK
* checking code files for non-ASCII characters ... OK
* checking R files for syntax errors ... OK
* checking whether the package can be loaded ... OK
* checking whether the package can be loaded with stated dependencies ... OK
* checking whether the package can be unloaded cleanly ... OK
* checking whether the namespace can be loaded with stated dependencies ... OK
* checking whether the namespace can be unloaded cleanly ... OK
* checking whether startup messages can be suppressed ... OK
* checking dependencies in R code ... WARNING
'::' or ':::' imports not declared from:
  ‘RColorBrewer’ ‘colorspace’ ‘dtw’
'loadNamespace' or 'requireNamespace' call not declared from: ‘colorspace’
Namespaces in Imports field not imported from:
  ‘RcppEigen’ ‘methods’
  All declared Imports should be used.
Packages in Depends field not imported from:
  ‘ggplot2’ ‘grid’ ‘gridExtra’
  These packages need to be imported from (in the NAMESPACE file)
  for when this namespace is loaded but not attached.
* checking S3 generic/method consistency ... OK
* checking replacement functions ... OK
* checking foreign function calls ... OK
* checking R code for possible problems ... NOTE
analyze.residuals : qq_convolved: no visible global function definition
  for ‘sd’
analyze.residuals : qq_convolved : qnorm_dgamma_sd: no visible global
  function definition for ‘qnorm’
analyze.residuals : qq_convolved : qnorm_dgamma_sd: no visible global
  function definition for ‘dgamma’
analyze.residuals : qq_convolved: no visible global function definition
  for ‘integrate’
analyze.residuals : qq_convolved: no visible global function definition
  for ‘qqnorm’
analyze.residuals : qq_convolved: no visible global function definition
  for ‘ggplot’
analyze.residuals : qq_convolved: no visible global function definition
  for ‘aes’
analyze.residuals : qq_convolved: no visible binding for global
  variable ‘theoretical’
analyze.residuals : qq_convolved: no visible binding for global
  variable ‘group’
analyze.residuals : qq_convolved: no visible global function definition
  for ‘geom_point’
analyze.residuals : qq_convolved: no visible global function definition
  for ‘geom_abline’
analyze.residuals : qq_convolved: no visible global function definition
  for ‘labs’
analyze.residuals : qq_convolved: no visible global function definition
  for ‘scale_color_manual’
analyze.residuals : qq_convolved: no visible global function definition
  for ‘theme_minimal’
analyze.residuals : qq_convolved: no visible global function definition
  for ‘theme’
analyze.residuals : qq_convolved: no visible global function definition
  for ‘element_text’
analyze.residuals: no visible global function definition for ‘na.omit’
analyze.residuals: no visible global function definition for ‘ggplot’
analyze.residuals: no visible global function definition for ‘aes’
analyze.residuals: no visible binding for global variable
  ‘residuals.log’
analyze.residuals: no visible global function definition for
  ‘geom_histogram’
analyze.residuals: no visible global function definition for ‘labs’
analyze.residuals: no visible global function definition for
  ‘theme_minimal’
analyze.residuals: no visible global function definition for ‘theme’
analyze.residuals: no visible global function definition for
  ‘element_text’
analyze.residuals: no visible binding for global variable ‘arrangeGrob’
analyze.residuals: no visible global function definition for ‘sd’
analyze.residuals: no visible global function definition for ‘var’
demo_sigmoid: no visible global function definition for ‘ggplot’
demo_sigmoid: no visible global function definition for ‘aes’
demo_sigmoid: no visible global function definition for ‘geom_line’
demo_sigmoid: no visible global function definition for ‘coord_fixed’
demo_sigmoid: no visible global function definition for ‘geom_hline’
demo_sigmoid: no visible global function definition for ‘geom_vline’
demo_sigmoid: no visible global function definition for ‘geom_segment’
demo_sigmoid: no visible binding for global variable ‘slope_seg_neg_x’
demo_sigmoid: no visible binding for global variable ‘slope_seg_pos_x’
demo_sigmoid: no visible binding for global variable ‘slope_seg_neg_y’
demo_sigmoid: no visible binding for global variable ‘slope_seg_pos_y’
demo_sigmoid: no visible global function definition for ‘annotate’
demo_sigmoid: no visible global function definition for ‘labs’
demo_sigmoid: no visible global function definition for ‘theme_minimal’
demo_sigmoid: no visible global function definition for ‘theme’
demo_sigmoid: no visible global function definition for ‘element_text’
demo_sigmoid: no visible global function definition for ‘ylim’
demo_sigmoid: no visible binding for global variable ‘x0’
demo_sigmoid: no visible binding for global variable ‘x1’
demo_sigmoid: no visible binding for global variable ‘y1’
demo_sigmoid: no visible global function definition for ‘grid.arrange’
demo_warp: no visible global function definition for ‘relevel’
demo_warp: no visible global function definition for ‘ggplot’
demo_warp: no visible global function definition for ‘aes’
demo_warp: no visible binding for global variable ‘curve’
demo_warp: no visible global function definition for ‘geom_line’
demo_warp: no visible global function definition for ‘geom_hline’
demo_warp: no visible global function definition for ‘geom_segment’
demo_warp: no visible global function definition for ‘annotate’
demo_warp: no visible global function definition for ‘labs’
demo_warp: no visible global function definition for
  ‘scale_color_manual’
demo_warp: no visible global function definition for ‘theme_minimal’
demo_warp: no visible global function definition for ‘theme’
demo_warp: no visible global function definition for ‘element_text’
demo_warp: no visible binding for global variable ‘type’
demo_warp: no visible global function definition for ‘geom_vline’
demo_warp: no visible global function definition for ‘ylim’
demo_warp: no visible global function definition for ‘coord_fixed’
demo_warp: no visible binding for global variable ‘x0’
demo_warp: no visible binding for global variable ‘x1’
demo_warp: no visible binding for global variable ‘slope_seg_neg_x’
demo_warp: no visible binding for global variable ‘slope_seg_pos_x’
demo_warp: no visible binding for global variable ‘slope_seg_neg_y’
demo_warp: no visible binding for global variable ‘slope_seg_pos_y’
demo_warp: no visible global function definition for ‘grid.arrange’
plot.MCMC.bs.comparison : <anonymous>: no visible global function
  definition for ‘shapiro.test’
plot.MCMC.bs.comparison: no visible global function definition for
  ‘ggplot’
plot.MCMC.bs.comparison: no visible global function definition for
  ‘aes’
plot.MCMC.bs.comparison: no visible binding for global variable
  ‘sw_stat’
plot.MCMC.bs.comparison: no visible binding for global variable
  ‘method’
plot.MCMC.bs.comparison: no visible global function definition for
  ‘geom_density’
plot.MCMC.bs.comparison: no visible global function definition for
  ‘theme_minimal’
plot.MCMC.bs.comparison: no visible global function definition for
  ‘labs’
plot.MCMC.bs.comparison: no visible global function definition for
  ‘theme’
plot.MCMC.bs.comparison: no visible global function definition for
  ‘element_text’
plot.MCMC.bs.comparison: no visible global function definition for
  ‘shapiro.test’
plot.MCMC.bs.comparison : <anonymous>: no visible global function
  definition for ‘density’
plot.MCMC.bs.comparison: no visible binding for global variable ‘x’
plot.MCMC.bs.comparison: no visible binding for global variable ‘y’
plot.MCMC.bs.comparison: no visible binding for global variable ‘param’
plot.MCMC.bs.comparison: no visible global function definition for
  ‘geom_line’
plot.MCMC.bs.comparison: no visible global function definition for
  ‘cor’
plot.MCMC.bs.comparison: no visible global function definition for
  ‘density’
plot.MCMC.bs.comparison: no visible binding for global variable
  ‘auto_cor’
plot.MCMC.bs.comparison: no visible binding for global variable
  ‘density’
plot.MCMC.bs.comparison: no visible global function definition for
  ‘grid.arrange’
plot.MCMC.walks: no visible global function definition for
  ‘colorRampPalette’
plot.MCMC.walks: no visible global function definition for ‘ggplot’
plot.MCMC.walks: no visible global function definition for ‘aes’
plot.MCMC.walks: no visible binding for global variable ‘step’
plot.MCMC.walks: no visible binding for global variable ‘value’
plot.MCMC.walks: no visible binding for global variable ‘param’
plot.MCMC.walks: no visible global function definition for ‘geom_line’
plot.MCMC.walks: no visible global function definition for ‘ggtitle’
plot.MCMC.walks: no visible global function definition for
  ‘scale_color_manual’
plot.MCMC.walks: no visible global function definition for
  ‘theme_minimal’
plot.MCMC.walks: no visible global function definition for ‘theme’
plot.MCMC.walks: no visible global function definition for
  ‘element_text’
plot.MCMC.walks: no visible binding for global variable ‘iteration’
plot.MCMC.walks: no visible binding for global variable ‘type’
plot.MCMC.walks: no visible global function definition for
  ‘coord_cartesian’
plot.MCMC.walks: no visible global function definition for ‘labs’
plot.MCMC.walks: no visible global function definition for
  ‘grid.arrange’
plot.child.summary: no visible binding for global variable
  ‘arrangeGrob’
plot.child.summary: no visible global function definition for
  ‘arrangeGrob’
plot.child.summary: no visible global function definition for
  ‘ggplotGrob’
plot.child.summary: no visible global function definition for
  ‘grid.arrange’
plot.effect.dist: no visible global function definition for ‘ggplot’
plot.effect.dist: no visible global function definition for
  ‘geom_histogram’
plot.effect.dist: no visible global function definition for ‘aes’
plot.effect.dist: no visible binding for global variable ‘vals’
plot.effect.dist: no visible global function definition for
  ‘after_stat’
plot.effect.dist: no visible binding for global variable ‘ndensity’
plot.effect.dist: no visible global function definition for ‘labs’
plot.effect.dist: no visible global function definition for
  ‘theme_minimal’
plot.effect.dist: no visible global function definition for ‘xlim’
plot.parameters: no visible global function definition for ‘ggplot’
plot.parameters: no visible global function definition for ‘aes’
plot.parameters: no visible binding for global variable ‘parameter’
plot.parameters: no visible binding for global variable ‘value’
plot.parameters: no visible binding for global variable ‘type’
plot.parameters: no visible global function definition for
  ‘geom_violin’
plot.parameters: no visible global function definition for ‘geom_point’
plot.parameters: no visible global function definition for ‘geom_bar’
plot.parameters: no visible global function definition for ‘facet_wrap’
plot.parameters: no visible global function definition for
  ‘theme_minimal’
plot.parameters: no visible global function definition for ‘labs’
plot.parameters: no visible global function definition for ‘theme’
plot.parameters: no visible global function definition for
  ‘element_text’
plot.parameters: no visible global function definition for
  ‘geom_errorbar’
plot.parameters: no visible binding for global variable ‘value_low’
plot.parameters: no visible binding for global variable ‘value_high’
plot.parameters: no visible global function definition for ‘geom_text’
plot.parameters: no visible global function definition for
  ‘scale_fill_manual’
plot.parameters: no visible global function definition for
  ‘scale_y_continuous’
plot.parameters: no visible global function definition for ‘expansion’
plot.ratecount: no visible global function definition for ‘relevel’
plot.ratecount : plot_parent_ref: no visible global function definition
  for ‘ggplot’
plot.ratecount : plot_parent_ref: no visible global function definition
  for ‘geom_jitter’
plot.ratecount : plot_parent_ref: no visible global function definition
  for ‘aes’
plot.ratecount : plot_parent_ref: no visible binding for global
  variable ‘bin’
plot.ratecount : plot_parent_ref: no visible binding for global
  variable ‘.data’
plot.ratecount : plot_parent_ref: no visible binding for global
  variable ‘child’
plot.ratecount : plot_parent_ref: no visible global function definition
  for ‘geom_line’
plot.ratecount : plot_parent_ref: no visible global function definition
  for ‘labs’
plot.ratecount : plot_parent_ref: no visible global function definition
  for ‘scale_colour_manual’
plot.ratecount : plot_parent_ref: no visible global function definition
  for ‘theme_minimal’
plot.ratecount : plot_parent_ref: no visible global function definition
  for ‘ggtitle’
plot.ratecount : plot_parent_ref: no visible global function definition
  for ‘geom_vline’
plot.ratecount : plot_parent_fixEff: no visible global function
  definition for ‘ggplot’
plot.ratecount : plot_parent_fixEff: no visible global function
  definition for ‘geom_jitter’
plot.ratecount : plot_parent_fixEff: no visible global function
  definition for ‘aes’
plot.ratecount : plot_parent_fixEff: no visible binding for global
  variable ‘bin’
plot.ratecount : plot_parent_fixEff: no visible binding for global
  variable ‘.data’
plot.ratecount : plot_parent_fixEff: no visible binding for global
  variable ‘treatment’
plot.ratecount : plot_parent_fixEff: no visible global function
  definition for ‘geom_line’
plot.ratecount : plot_parent_fixEff: no visible global function
  definition for ‘labs’
plot.ratecount : plot_parent_fixEff: no visible global function
  definition for ‘theme_minimal’
plot.ratecount : plot_parent_fixEff: no visible global function
  definition for ‘ggtitle’
plot.ratecount : plot_parent_fixEff: no visible global function
  definition for ‘scale_color_manual’
plot.ratecount : plot_parent_fixEff: no visible global function
  definition for ‘ylim’
plot.ratecount : plot_parent_fixEff: no visible global function
  definition for ‘geom_vline’
pvalues.samples: no visible global function definition for ‘ecdf’
sample.stats: no visible binding for global variable ‘quantile’
sample.stats: no visible global function definition for ‘quantile’
wisp: no visible global function definition for ‘new’
wisp : <anonymous>: no visible global function definition for ‘median’
Undefined global functions or variables:
  .data aes after_stat annotate arrangeGrob auto_cor bin child
  colorRampPalette coord_cartesian coord_fixed cor curve density dgamma
  ecdf element_text expansion facet_wrap geom_abline geom_bar
  geom_density geom_errorbar geom_histogram geom_hline geom_jitter
  geom_line geom_point geom_segment geom_text geom_violin geom_vline
  ggplot ggplotGrob ggtitle grid.arrange group integrate iteration labs
  median method na.omit ndensity new param parameter qnorm qqnorm
  quantile relevel residuals.log scale_color_manual scale_colour_manual
  scale_fill_manual scale_y_continuous sd shapiro.test slope_seg_neg_x
  slope_seg_neg_y slope_seg_pos_x slope_seg_pos_y step sw_stat theme
  theme_minimal theoretical treatment type vals value value_high
  value_low var x x0 x1 xlim y y1 ylim
Consider adding
  importFrom("grDevices", "colorRampPalette")
  importFrom("graphics", "curve")
  importFrom("methods", "new")
  importFrom("stats", "cor", "density", "dgamma", "ecdf", "integrate",
             "median", "na.omit", "qnorm", "qqnorm", "quantile",
             "relevel", "sd", "shapiro.test", "step", "var")
to your NAMESPACE file (and ensure that your DESCRIPTION Imports field
contains 'methods').
* checking Rd files ... OK
* checking Rd metadata ... OK
* checking Rd cross-references ... OK
* checking for missing documentation entries ... WARNING
Undocumented code objects:
  ‘find_centroid’ ‘poly_sigmoid_R’ ‘project_cp’ ‘sigmoid_stable_R’
  ‘snk.horizontal_rule’ ‘snk.print_details’ ‘snk.print_function’
  ‘snk.print_table’ ‘snk.print_var_charvec’ ‘snk.print_var_list’
  ‘snk.print_vec’ ‘snk.report’ ‘snk.report...’ ‘snk.section_break_reps’
  ‘snk.simple_break_reps’ ‘snk.small_break_reps’ ‘snk.step_heading’
  ‘snk.step_number’ ‘snk.summary_heading’ ‘warp_mc_R’ ‘wspc’
Undocumented S4 classes:
  ‘C++Object’ ‘Rcpp_wspc’
All user-level objects in a package (including S4 classes and methods)
should have documentation entries.
See chapter ‘Writing R documentation files’ in the ‘Writing R
Extensions’ manual.
* checking for code/documentation mismatches ... OK
* checking Rd \usage sections ... OK
* checking Rd contents ... OK
* checking for unstated dependencies in examples ... OK
* checking line endings in C/C++/Fortran sources/headers ... OK
* checking line endings in Makefiles ... OK
* checking compilation flags in Makevars ... OK
* checking for GNU extensions in Makefiles ... WARNING
Found the following file(s) containing GNU extensions:
  src/Makevars
Portable Makefiles do not use GNU extensions such as +=, :=, $(shell),
$(wildcard), ifeq ... endif, .NOTPARALLEL See section ‘Writing portable
packages’ in the ‘Writing R Extensions’ manual.
* checking for portable use of $(BLAS_LIBS) and $(LAPACK_LIBS) ... OK
* checking use of PKG_*FLAGS in Makefiles ... OK
* checking compiled code ... WARNING
File ‘wispack/libs/wispack.so’:
  Found ‘__exit’, possibly from ‘_exit’ (C), ‘_Exit’ (C)
    Object: ‘wspc.o’

Compiled code should not call entry points which might terminate R nor
write to stdout/stderr instead of to the console, nor use Fortran I/O
nor system RNGs nor [v]sprintf.

See ‘Writing portable packages’ in the ‘Writing R Extensions’ manual.
* checking examples ... NONE
* checking PDF version of manual ... OK
* DONE
Status: 5 WARNINGs, 4 NOTEs
